<?xml version="1.0" encoding="UTF-8"?>
<!-- Generated by org.testng.reporters.JUnitReportReporter -->
<testsuite hostname="LAPTOP-F551UCBC" failures="0" tests="1" name="org.testng.Day44444" time="1.402" errors="0" timestamp="07 Sep 2023 01:46:44 GMT" skipped="0">
  <testcase classname="org.testng.Day44444" name="tc3" time="1.402"/>
</testsuite> <!-- org.testng.Day44444 -->
