<?xml version="1.0" encoding="UTF-8"?>
<!-- Generated by org.testng.reporters.JUnitReportReporter -->
<testsuite hostname="LAPTOP-F551UCBC" failures="0" tests="4" name="org.testng.Day3" time="0.019" errors="0" timestamp="07 Sep 2023 01:34:32 GMT" skipped="0">
  <testcase classname="org.testng.Day3" name="tc3" time="0.001"/>
  <testcase classname="org.testng.Day3" name="tc2" time="0.002"/>
  <testcase classname="org.testng.Day3" name="tc1" time="0.016"/>
  <testcase classname="org.testng.Day3" name="tc4" time="0.000"/>
</testsuite> <!-- org.testng.Day3 -->
