<?xml version="1.0" encoding="UTF-8"?>
<!-- Generated by org.testng.reporters.JUnitReportReporter -->
<testsuite hostname="LAPTOP-F551UCBC" failures="0" tests="1" name="org.testng.Day333" time="3.486" errors="0" timestamp="05 Sep 2023 23:23:01 GMT" skipped="0">
  <testcase classname="org.testng.Day333" name="tc1" time="3.486"/>
</testsuite> <!-- org.testng.Day333 -->
