<?xml version="1.0" encoding="UTF-8"?>
<!-- Generated by org.testng.reporters.JUnitReportReporter -->
<testsuite hostname="LAPTOP-F551UCBC" failures="0" tests="5" name="org.testng.Day22" time="19.712" errors="0" timestamp="05 Sep 2023 22:00:10 GMT" skipped="0">
  <testcase classname="org.testng.Day22" name="tc3" time="2.116"/>
  <testcase classname="org.testng.Day22" name="tc1" time="4.896"/>
  <testcase classname="org.testng.Day22" name="tc1" time="3.899"/>
  <testcase classname="org.testng.Day22" name="tc1" time="3.524"/>
  <testcase classname="org.testng.Day22" name="tc2" time="5.277"/>
</testsuite> <!-- org.testng.Day22 -->
