<?xml version="1.0" encoding="UTF-8"?>
<!-- Generated by org.testng.reporters.JUnitReportReporter -->
<testsuite hostname="LAPTOP-F551UCBC" failures="0" tests="4" name="org.testng.Day4" time="18.352" errors="0" timestamp="06 Sep 2023 02:22:02 GMT" skipped="0">
  <testcase classname="org.testng.Day4" name="tc1" time="5.677"/>
  <testcase classname="org.testng.Day4" name="tc1" time="5.575"/>
  <testcase classname="org.testng.Day4" name="tc1" time="3.931"/>
  <testcase classname="org.testng.Day4" name="tc1" time="3.169"/>
</testsuite> <!-- org.testng.Day4 -->
