<?xml version="1.0" encoding="UTF-8"?>
<!-- Generated by org.testng.reporters.JUnitReportReporter -->
<testsuite hostname="LAPTOP-F551UCBC" failures="0" tests="3" name="org.testng.Day4444" time="0.010" errors="0" timestamp="07 Sep 2023 01:39:28 GMT" skipped="0">
  <testcase classname="org.testng.Day4444" name="tc6" time="0.001"/>
  <testcase classname="org.testng.Day4444" name="tc8" time="0.001"/>
  <testcase classname="org.testng.Day4444" name="tc5" time="0.008"/>
</testsuite> <!-- org.testng.Day4444 -->
