<?xml version="1.0" encoding="UTF-8"?>
<!-- Generated by org.testng.reporters.JUnitReportReporter -->
<testsuite hostname="LAPTOP-F551UCBC" failures="0" tests="2" name="org.testng.Day444" time="0.002" errors="0" timestamp="07 Sep 2023 01:39:28 GMT" skipped="0">
  <testcase classname="org.testng.Day444" name="tc4" time="0.001"/>
  <testcase classname="org.testng.Day444" name="tc1" time="0.001"/>
</testsuite> <!-- org.testng.Day444 -->
