<?xml version="1.0" encoding="UTF-8"?>
<!-- Generated by org.testng.reporters.JUnitReportReporter -->
<testsuite hostname="LAPTOP-F551UCBC" failures="0" tests="3" name="org.testng.Day1" time="0.011" errors="0" timestamp="05 Sep 2023 20:32:11 GMT" skipped="0">
  <testcase classname="org.testng.Day1" name="tc1" time="0.006"/>
  <testcase classname="org.testng.Day1" name="tc2" time="0.003"/>
  <testcase classname="org.testng.Day1" name="tc3" time="0.002"/>
</testsuite> <!-- org.testng.Day1 -->
