<?xml version="1.0" encoding="UTF-8"?>
<!-- Generated by org.testng.reporters.JUnitReportReporter -->
<testsuite hostname="LAPTOP-F551UCBC" failures="0" tests="4" name="org.testng.Day33" time="0.003" errors="0" timestamp="05 Sep 2023 22:39:19 GMT" skipped="0">
  <testcase classname="org.testng.Day33" name="tc8" time="0.001"/>
  <testcase classname="org.testng.Day33" name="tc5" time="0.001"/>
  <testcase classname="org.testng.Day33" name="tc7" time="0.000"/>
  <testcase classname="org.testng.Day33" name="tc6" time="0.001"/>
</testsuite> <!-- org.testng.Day33 -->
