<?xml version="1.0" encoding="UTF-8"?>
<!-- Generated by org.testng.reporters.JUnitReportReporter -->
<testsuite hostname="LAPTOP-F551UCBC" failures="0" tests="6" name="org.testng.Day2" time="0.010" errors="0" timestamp="05 Sep 2023 21:10:46 GMT" skipped="1">
  <testcase classname="org.testng.Day2" name="tc4" time="0.004"/>
  <testcase classname="org.testng.Day2" name="tc4" time="0.002"/>
  <testcase classname="org.testng.Day2" name="tc3" time="0.002"/>
  <testcase classname="org.testng.Day2" name="tc3" time="0.001"/>
  <testcase classname="org.testng.Day2" name="tc1" time="0.001"/>
  <testcase classname="org.testng.Day2" name="tc2">
    <skipped/>
  </testcase> <!-- tc2 -->
</testsuite> <!-- org.testng.Day2 -->
